<?xml version="1.0" encoding="UTF-8"?>
<robot generator="Robot 7.4.2 (Python 3.14.5 on linux)" generated="2026-06-02T11:56:25.812117" rpa="false" schemaversion="5">
<suite id="s1" name="Ui Dashboard &amp; Ui Novo Paciente">
<suite id="s1-s1" name="Ui Dashboard" source="/home/isaq/Documentos/code/hora_certa/robot/ui_dashboard.robot">
<test id="s1-s1-t1" name="Validar Contadores Numericos No Grid Do Dashboard" line="19">
<kw name="Fazer Login No Sistema">
<kw name="Open Browser" owner="SeleniumLibrary">
<msg time="2026-06-02T11:56:26.008804" level="INFO">Opening browser 'firefox' to base url 'http://localhost:8080/login'.</msg>
<arg>${URL_LOGIN}</arg>
<arg>${BROWSER}</arg>
<doc>Opens a new browser instance to the optional ``url``.</doc>
<status status="PASS" start="2026-06-02T11:56:26.008452" elapsed="2.624320"/>
</kw>
<kw name="Maximize Browser Window" owner="SeleniumLibrary">
<doc>Maximizes current browser window.</doc>
<status status="PASS" start="2026-06-02T11:56:28.632986" elapsed="0.009941"/>
</kw>
<kw name="Input Text" owner="SeleniumLibrary">
<msg time="2026-06-02T11:56:28.643548" level="INFO">Typing text 'admin@saude.com' into text field 'id=identificador'.</msg>
<arg>${INPUT_IDENTIFICADOR}</arg>
<arg>admin@saude.com</arg>
<doc>Types the given ``text`` into the text field identified by ``locator``.</doc>
<status status="PASS" start="2026-06-02T11:56:28.643106" elapsed="0.032789"/>
</kw>
<kw name="Input Text" owner="SeleniumLibrary">
<msg time="2026-06-02T11:56:28.676332" level="INFO">Typing text 'Admin@123' into text field 'id=senha'.</msg>
<arg>${INPUT_SENHA}</arg>
<arg>Admin@123</arg>
<doc>Types the given ``text`` into the text field identified by ``locator``.</doc>
<status status="PASS" start="2026-06-02T11:56:28.676060" elapsed="0.017228"/>
</kw>
<kw name="Click Button" owner="SeleniumLibrary">
<msg time="2026-06-02T11:56:28.693686" level="INFO">Clicking button 'xpath=//button[@type='submit']'.</msg>
<arg>${BTN_ENTRAR}</arg>
<doc>Clicks the button identified by ``locator``.</doc>
<status status="PASS" start="2026-06-02T11:56:28.693455" elapsed="0.914388"/>
</kw>
<kw name="Wait Until Location Is Not" owner="SeleniumLibrary">
<arg>${URL_LOGIN}</arg>
<arg>timeout=10s</arg>
<doc>Waits until the current URL is not ``location``.</doc>
<status status="PASS" start="2026-06-02T11:56:29.608162" elapsed="0.003036"/>
</kw>
<status status="PASS" start="2026-06-02T11:56:26.007558" elapsed="3.603810"/>
</kw>
<kw name="Go To" owner="SeleniumLibrary">
<msg time="2026-06-02T11:56:29.611854" level="INFO">Opening url 'http://localhost:8080/dashboard'</msg>
<arg>${URL_DASHBOARD}</arg>
<doc>Navigates the current browser window to the provided ``url``.</doc>
<status status="PASS" start="2026-06-02T11:56:29.611609" elapsed="0.649597"/>
</kw>
<kw name="Wait Until Element Is Visible" owner="SeleniumLibrary">
<arg>${GRID_MEDICAMENTOS}</arg>
<arg>timeout=10s</arg>
<doc>Waits until the element ``locator`` is visible.</doc>
<status status="PASS" start="2026-06-02T11:56:30.261577" elapsed="0.013796"/>
</kw>
<kw name="Wait Until Element Is Visible" owner="SeleniumLibrary">
<arg>${GRID_PACIENTES}</arg>
<arg>timeout=10s</arg>
<doc>Waits until the element ``locator`` is visible.</doc>
<status status="PASS" start="2026-06-02T11:56:30.275828" elapsed="0.008735"/>
</kw>
<kw name="Get Text" owner="SeleniumLibrary">
<msg time="2026-06-02T11:56:30.295227" level="INFO">${texto_med} = 0</msg>
<var>${texto_med}</var>
<arg>${GRID_MEDICAMENTOS}</arg>
<doc>Returns the text value of the element identified by ``locator``.</doc>
<status status="PASS" start="2026-06-02T11:56:30.284887" elapsed="0.010408"/>
</kw>
<kw name="Get Text" owner="SeleniumLibrary">
<msg time="2026-06-02T11:56:30.304210" level="INFO">${texto_pac} = 7</msg>
<var>${texto_pac}</var>
<arg>${GRID_PACIENTES}</arg>
<doc>Returns the text value of the element identified by ``locator``.</doc>
<status status="PASS" start="2026-06-02T11:56:30.295474" elapsed="0.008803"/>
</kw>
<kw name="Should Match Regexp" owner="BuiltIn">
<arg>${texto_med}</arg>
<arg>^\\d+$</arg>
<doc>Fails if ``string`` does not match ``pattern`` as a regular expression.</doc>
<status status="PASS" start="2026-06-02T11:56:30.304470" elapsed="0.000393"/>
</kw>
<kw name="Should Match Regexp" owner="BuiltIn">
<arg>${texto_pac}</arg>
<arg>^\\d+$</arg>
<doc>Fails if ``string`` does not match ``pattern`` as a regular expression.</doc>
<status status="PASS" start="2026-06-02T11:56:30.304971" elapsed="0.000229"/>
</kw>
<doc>Garante que os contadores do grid existem e exibem apenas números.</doc>
<status status="PASS" start="2026-06-02T11:56:26.006590" elapsed="4.298750"/>
</test>
<kw name="Close All Browsers" owner="SeleniumLibrary" type="TEARDOWN">
<doc>Closes all open browsers and resets the browser cache.</doc>
<status status="PASS" start="2026-06-02T11:56:30.305884" elapsed="0.518095"/>
</kw>
<status status="PASS" start="2026-06-02T11:56:25.840690" elapsed="4.983387"/>
</suite>
<suite id="s1-s2" name="Ui Novo Paciente" source="/home/isaq/Documentos/code/hora_certa/robot/ui_novo_paciente.robot">
<kw name="Fazer Login E Ir Para Cadastro" type="SETUP">
<kw name="Open Browser" owner="SeleniumLibrary">
<msg time="2026-06-02T11:56:30.827004" level="INFO">Opening browser 'firefox' to base url 'http://localhost:8080/login'.</msg>
<arg>${URL_LOGIN}</arg>
<arg>${BROWSER}</arg>
<doc>Opens a new browser instance to the optional ``url``.</doc>
<status status="PASS" start="2026-06-02T11:56:30.826774" elapsed="2.396427"/>
</kw>
<kw name="Maximize Browser Window" owner="SeleniumLibrary">
<doc>Maximizes current browser window.</doc>
<status status="PASS" start="2026-06-02T11:56:33.223386" elapsed="0.003542"/>
</kw>
<kw name="Input Text" owner="SeleniumLibrary">
<msg time="2026-06-02T11:56:33.227314" level="INFO">Typing text 'admin@saude.com' into text field 'id=identificador'.</msg>
<arg>id=identificador</arg>
<arg>admin@saude.com</arg>
<doc>Types the given ``text`` into the text field identified by ``locator``.</doc>
<status status="PASS" start="2026-06-02T11:56:33.227079" elapsed="0.034042"/>
</kw>
<kw name="Input Text" owner="SeleniumLibrary">
<msg time="2026-06-02T11:56:33.261576" level="INFO">Typing text 'Admin@123' into text field 'id=senha'.</msg>
<arg>id=senha</arg>
<arg>Admin@123</arg>
<doc>Types the given ``text`` into the text field identified by ``locator``.</doc>
<status status="PASS" start="2026-06-02T11:56:33.261328" elapsed="0.015632"/>
</kw>
<kw name="Click Button" owner="SeleniumLibrary">
<msg time="2026-06-02T11:56:33.277359" level="INFO">Clicking button 'xpath=//button[@type='submit']'.</msg>
<arg>xpath=//button[@type='submit']</arg>
<doc>Clicks the button identified by ``locator``.</doc>
<status status="PASS" start="2026-06-02T11:56:33.277127" elapsed="0.896729"/>
</kw>
<kw name="Wait Until Location Is Not" owner="SeleniumLibrary">
<arg>${URL_LOGIN}</arg>
<arg>timeout=10s</arg>
<doc>Waits until the current URL is not ``location``.</doc>
<status status="PASS" start="2026-06-02T11:56:34.174145" elapsed="0.002784"/>
</kw>
<status status="PASS" start="2026-06-02T11:56:30.826428" elapsed="3.350679"/>
</kw>
<test id="s1-s2-t1" name="Regra de Decisao 1: Dados Obrigatorios Preenchidos + Info Saude EM BRANCO" line="29">
<kw name="Go To" owner="SeleniumLibrary">
<msg time="2026-06-02T11:56:34.177860" level="INFO">Opening url 'http://localhost:8080/pacientes/novo'</msg>
<arg>${URL_NOVO_PACIENTE}</arg>
<doc>Navigates the current browser window to the provided ``url``.</doc>
<status status="PASS" start="2026-06-02T11:56:34.177659" elapsed="0.044692"/>
</kw>
<kw name="Preencher Bloco Identificacao Obrigatorio">
<kw name="Wait Until Element Is Visible" owner="SeleniumLibrary">
<arg>${INPUT_NOME}</arg>
<arg>timeout=10s</arg>
<doc>Waits until the element ``locator`` is visible.</doc>
<status status="PASS" start="2026-06-02T11:56:34.223087" elapsed="0.011797"/>
</kw>
<kw name="Input Text" owner="SeleniumLibrary">
<msg time="2026-06-02T11:56:34.235643" level="INFO">Typing text 'teste1 de Souza' into text field 'id=nome'.</msg>
<arg>${INPUT_NOME}</arg>
<arg>${nome}</arg>
<doc>Types the given ``text`` into the text field identified by ``locator``.</doc>
<status status="PASS" start="2026-06-02T11:56:34.235148" elapsed="0.044398"/>
</kw>
<kw name="Input Text" owner="SeleniumLibrary">
<msg time="2026-06-02T11:56:34.280035" level="INFO">Typing text 'teste1@saude.com' into text field 'id=email'.</msg>
<arg>${INPUT_EMAIL}</arg>
<arg>${email}</arg>
<doc>Types the given ``text`` into the text field identified by ``locator``.</doc>
<status status="PASS" start="2026-06-02T11:56:34.279764" elapsed="0.011195"/>
</kw>
<kw name="Input Text" owner="SeleniumLibrary">
<msg time="2026-06-02T11:56:34.291410" level="INFO">Typing text '543.222.333-55' into text field 'id=cpf'.</msg>
<arg>${INPUT_CPF}</arg>
<arg>${cpf}</arg>
<doc>Types the given ``text`` into the text field identified by ``locator``.</doc>
<status status="PASS" start="2026-06-02T11:56:34.291128" elapsed="0.011712"/>
</kw>
<kw name="Select From List By Value" owner="SeleniumLibrary">
<msg time="2026-06-02T11:56:34.303287" level="INFO">Selecting options from selection list 'id=tipo' by value PACIENTE.</msg>
<arg>${SELECT_TIPO}</arg>
<arg>PACIENTE</arg>
<doc>Selects options from selection list ``locator`` by ``values``.</doc>
<status status="PASS" start="2026-06-02T11:56:34.303007" elapsed="0.008994"/>
</kw>
<arg>teste1 de Souza</arg>
<arg>teste1@saude.com</arg>
<arg>543.222.333-55</arg>
<status status="PASS" start="2026-06-02T11:56:34.222727" elapsed="0.089394"/>
</kw>
<kw name="Preencher Senhas Obrigatorias">
<kw name="Input Text" owner="SeleniumLibrary">
<msg time="2026-06-02T11:56:34.312794" level="INFO">Typing text 'teste1@123' into text field 'id=senha'.</msg>
<arg>${INPUT_SENHA}</arg>
<arg>${senha}</arg>
<doc>Types the given ``text`` into the text field identified by ``locator``.</doc>
<status status="PASS" start="2026-06-02T11:56:34.312587" elapsed="0.011619"/>
</kw>
<kw name="Input Text" owner="SeleniumLibrary">
<msg time="2026-06-02T11:56:34.324739" level="INFO">Typing text 'teste1@123' into text field 'id=confirmacao'.</msg>
<arg>${INPUT_CONFIRMACAO}</arg>
<arg>${senha}</arg>
<doc>Types the given ``text`` into the text field identified by ``locator``.</doc>
<status status="PASS" start="2026-06-02T11:56:34.324411" elapsed="0.013542"/>
</kw>
<arg>teste1@123</arg>
<status status="PASS" start="2026-06-02T11:56:34.312347" elapsed="0.025716"/>
</kw>
<kw name="Input Text" owner="SeleniumLibrary">
<msg time="2026-06-02T11:56:34.338797" level="INFO">Typing text '' into text field 'id=infoSaude'.</msg>
<arg>${TEXTAREA_SAUDE}</arg>
<arg>${EMPTY}</arg>
<doc>Types the given ``text`` into the text field identified by ``locator``.</doc>
<status status="PASS" start="2026-06-02T11:56:34.338225" elapsed="0.008848"/>
</kw>
<kw name="Submeter E Validar Sucesso">
<kw name="Click Button" owner="SeleniumLibrary">
<msg time="2026-06-02T11:56:34.347814" level="INFO">Clicking button 'xpath=//button[@type='submit']'.</msg>
<arg>${BTN_SALVAR}</arg>
<doc>Clicks the button identified by ``locator``.</doc>
<status status="PASS" start="2026-06-02T11:56:34.347606" elapsed="0.727458"/>
</kw>
<kw name="Wait Until Location Is Not" owner="SeleniumLibrary">
<arg>${URL_NOVO_PACIENTE}</arg>
<arg>timeout=10s</arg>
<doc>Waits until the current URL is not ``location``.</doc>
<status status="PASS" start="2026-06-02T11:56:35.075409" elapsed="0.004976"/>
</kw>
<kw name="Page Should Not Contain Element" owner="SeleniumLibrary">
<msg time="2026-06-02T11:56:35.087978" level="INFO">Current page does not contain element 'class=alert-danger'.</msg>
<arg>class=alert-danger</arg>
<doc>Verifies that element ``locator`` is not found on the current page.</doc>
<status status="PASS" start="2026-06-02T11:56:35.080649" elapsed="0.007539"/>
</kw>
<status status="PASS" start="2026-06-02T11:56:34.347370" elapsed="0.741009"/>
</kw>
<doc>Valida a linha 1 da Tabela de Decisão: Opcional vazio deve cadastrar com sucesso.</doc>
<status status="PASS" start="2026-06-02T11:56:34.177189" elapsed="0.911469"/>
</test>
<test id="s1-s2-t2" name="Regra de Decisao 2: Dados Obrigatorios Preenchidos + Info Saude PREENCHIDO" line="40">
<kw name="Go To" owner="SeleniumLibrary">
<msg time="2026-06-02T11:56:35.089742" level="INFO">Opening url 'http://localhost:8080/pacientes/novo'</msg>
<arg>${URL_NOVO_PACIENTE}</arg>
<doc>Navigates the current browser window to the provided ``url``.</doc>
<status status="PASS" start="2026-06-02T11:56:35.089440" elapsed="0.043962"/>
</kw>
<kw name="Preencher Bloco Identificacao Obrigatorio">
<kw name="Wait Until Element Is Visible" owner="SeleniumLibrary">
<arg>${INPUT_NOME}</arg>
<arg>timeout=10s</arg>
<doc>Waits until the element ``locator`` is visible.</doc>
<status status="PASS" start="2026-06-02T11:56:35.134428" elapsed="0.040235"/>
</kw>
<kw name="Input Text" owner="SeleniumLibrary">
<msg time="2026-06-02T11:56:35.175332" level="INFO">Typing text 'bebel Ribeiro' into text field 'id=nome'.</msg>
<arg>${INPUT_NOME}</arg>
<arg>${nome}</arg>
<doc>Types the given ``text`` into the text field identified by ``locator``.</doc>
<status status="PASS" start="2026-06-02T11:56:35.174895" elapsed="0.019126"/>
</kw>
<kw name="Input Text" owner="SeleniumLibrary">
<msg time="2026-06-02T11:56:35.194649" level="INFO">Typing text 'bebel@saude.com' into text field 'id=email'.</msg>
<arg>${INPUT_EMAIL}</arg>
<arg>${email}</arg>
<doc>Types the given ``text`` into the text field identified by ``locator``.</doc>
<status status="PASS" start="2026-06-02T11:56:35.194342" elapsed="0.014323"/>
</kw>
<kw name="Input Text" owner="SeleniumLibrary">
<msg time="2026-06-02T11:56:35.209117" level="INFO">Typing text '432.666.777-55' into text field 'id=cpf'.</msg>
<arg>${INPUT_CPF}</arg>
<arg>${cpf}</arg>
<doc>Types the given ``text`` into the text field identified by ``locator``.</doc>
<status status="PASS" start="2026-06-02T11:56:35.208850" elapsed="0.012154"/>
</kw>
<kw name="Select From List By Value" owner="SeleniumLibrary">
<msg time="2026-06-02T11:56:35.221414" level="INFO">Selecting options from selection list 'id=tipo' by value PACIENTE.</msg>
<arg>${SELECT_TIPO}</arg>
<arg>PACIENTE</arg>
<doc>Selects options from selection list ``locator`` by ``values``.</doc>
<status status="PASS" start="2026-06-02T11:56:35.221163" elapsed="0.010673"/>
</kw>
<arg>bebel Ribeiro</arg>
<arg>bebel@saude.com</arg>
<arg>432.666.777-55</arg>
<status status="PASS" start="2026-06-02T11:56:35.133859" elapsed="0.098112"/>
</kw>
<kw name="Preencher Senhas Obrigatorias">
<kw name="Input Text" owner="SeleniumLibrary">
<msg time="2026-06-02T11:56:35.232843" level="INFO">Typing text 'bebelsenha@123' into text field 'id=senha'.</msg>
<arg>${INPUT_SENHA}</arg>
<arg>${senha}</arg>
<doc>Types the given ``text`` into the text field identified by ``locator``.</doc>
<status status="PASS" start="2026-06-02T11:56:35.232600" elapsed="0.013572"/>
</kw>
<kw name="Input Text" owner="SeleniumLibrary">
<msg time="2026-06-02T11:56:35.246654" level="INFO">Typing text 'bebelsenha@123' into text field 'id=confirmacao'.</msg>
<arg>${INPUT_CONFIRMACAO}</arg>
<arg>${senha}</arg>
<doc>Types the given ``text`` into the text field identified by ``locator``.</doc>
<status status="PASS" start="2026-06-02T11:56:35.246377" elapsed="0.012383"/>
</kw>
<arg>bebelsenha@123</arg>
<status status="PASS" start="2026-06-02T11:56:35.232301" elapsed="0.026574"/>
</kw>
<kw name="Input Text" owner="SeleniumLibrary">
<msg time="2026-06-02T11:56:35.259278" level="INFO">Typing text 'Paciente relata alergia a dipirona e histórico de asma na infância.' into text field 'id=infoSaude'.</msg>
<arg>${TEXTAREA_SAUDE}</arg>
<arg>Paciente relata alergia a dipirona e histórico de asma na infância.</arg>
<doc>Types the given ``text`` into the text field identified by ``locator``.</doc>
<status status="PASS" start="2026-06-02T11:56:35.259025" elapsed="0.020017"/>
</kw>
<kw name="Submeter E Validar Sucesso">
<kw name="Click Button" owner="SeleniumLibrary">
<msg time="2026-06-02T11:56:35.279771" level="INFO">Clicking button 'xpath=//button[@type='submit']'.</msg>
<arg>${BTN_SALVAR}</arg>
<doc>Clicks the button identified by ``locator``.</doc>
<status status="PASS" start="2026-06-02T11:56:35.279585" elapsed="0.904957"/>
</kw>
<kw name="Wait Until Location Is Not" owner="SeleniumLibrary">
<arg>${URL_NOVO_PACIENTE}</arg>
<arg>timeout=10s</arg>
<doc>Waits until the current URL is not ``location``.</doc>
<status status="PASS" start="2026-06-02T11:56:36.184804" elapsed="0.006172"/>
</kw>
<kw name="Page Should Not Contain Element" owner="SeleniumLibrary">
<msg time="2026-06-02T11:56:36.193603" level="INFO">Current page does not contain element 'class=alert-danger'.</msg>
<arg>class=alert-danger</arg>
<doc>Verifies that element ``locator`` is not found on the current page.</doc>
<status status="PASS" start="2026-06-02T11:56:36.191256" elapsed="0.002478"/>
</kw>
<status status="PASS" start="2026-06-02T11:56:35.279360" elapsed="0.914477"/>
</kw>
<doc>Valida a linha 2 da Tabela de Decisão: Opcional preenchido deve cadastrar com sucesso.</doc>
<status status="PASS" start="2026-06-02T11:56:35.088926" elapsed="1.105070"/>
</test>
<kw name="Close All Browsers" owner="SeleniumLibrary" type="TEARDOWN">
<doc>Closes all open browsers and resets the browser cache.</doc>
<status status="PASS" start="2026-06-02T11:56:36.194373" elapsed="0.411340"/>
</kw>
<status status="PASS" start="2026-06-02T11:56:30.824628" elapsed="5.781267"/>
</suite>
<status status="PASS" start="2026-06-02T11:56:25.813164" elapsed="10.793672"/>
</suite>
<statistics>
<total>
<stat pass="3" fail="0" skip="0">All Tests</stat>
</total>
<tag>
</tag>
<suite>
<stat name="Ui Dashboard &amp; Ui Novo Paciente" id="s1" pass="3" fail="0" skip="0">Ui Dashboard &amp; Ui Novo Paciente</stat>
<stat name="Ui Dashboard" id="s1-s1" pass="1" fail="0" skip="0">Ui Dashboard &amp; Ui Novo Paciente.Ui Dashboard</stat>
<stat name="Ui Novo Paciente" id="s1-s2" pass="2" fail="0" skip="0">Ui Dashboard &amp; Ui Novo Paciente.Ui Novo Paciente</stat>
</suite>
</statistics>
<errors>
</errors>
</robot>
